mode: set
my/redditclone/pkg/post/comment.go:15.57,26.2 2 1
my/redditclone/pkg/post/comment.go:28.64,29.34 1 1
my/redditclone/pkg/post/comment.go:38.2,38.21 1 1
my/redditclone/pkg/post/comment.go:29.34,30.26 1 1
my/redditclone/pkg/post/comment.go:30.26,31.33 1 1
my/redditclone/pkg/post/comment.go:34.4,35.14 2 1
my/redditclone/pkg/post/comment.go:31.33,33.5 1 1
my/redditclone/pkg/post/repo.go:26.70,28.2 1 1
my/redditclone/pkg/post/repo.go:30.61,32.2 1 1
my/redditclone/pkg/post/repo.go:34.99,38.16 4 1
my/redditclone/pkg/post/repo.go:41.2,41.20 1 1
my/redditclone/pkg/post/repo.go:53.2,53.19 1 1
my/redditclone/pkg/post/repo.go:38.16,40.3 1 1
my/redditclone/pkg/post/repo.go:41.20,44.17 3 1
my/redditclone/pkg/post/repo.go:47.3,49.17 3 1
my/redditclone/pkg/post/repo.go:44.17,46.4 1 1
my/redditclone/pkg/post/repo.go:49.17,51.4 1 1
my/redditclone/pkg/post/repo.go:56.83,58.16 2 1
my/redditclone/pkg/post/repo.go:61.2,62.28 2 1
my/redditclone/pkg/post/repo.go:72.2,81.16 7 1
my/redditclone/pkg/post/repo.go:84.2,84.12 1 1
my/redditclone/pkg/post/repo.go:58.16,60.3 1 1
my/redditclone/pkg/post/repo.go:62.28,65.17 3 1
my/redditclone/pkg/post/repo.go:68.3,68.17 1 1
my/redditclone/pkg/post/repo.go:65.17,67.4 1 1
my/redditclone/pkg/post/repo.go:68.17,70.4 1 1
my/redditclone/pkg/post/repo.go:81.16,83.3 1 1
my/redditclone/pkg/post/repo.go:87.70,89.35 2 1
my/redditclone/pkg/post/repo.go:92.2,92.22 1 1
my/redditclone/pkg/post/repo.go:89.35,91.3 1 1
my/redditclone/pkg/post/repo.go:95.74,97.2 1 1
my/redditclone/pkg/post/repo.go:99.70,101.2 1 1
my/redditclone/pkg/post/repo.go:103.86,105.16 2 1
my/redditclone/pkg/post/repo.go:108.2,108.36 1 1
my/redditclone/pkg/post/repo.go:111.2,112.12 2 1
my/redditclone/pkg/post/repo.go:105.16,107.3 1 1
my/redditclone/pkg/post/repo.go:108.36,110.3 1 1
my/redditclone/pkg/post/repo.go:115.97,118.16 2 1
my/redditclone/pkg/post/repo.go:121.2,124.16 3 1
my/redditclone/pkg/post/repo.go:127.2,127.18 1 1
my/redditclone/pkg/post/repo.go:118.16,120.3 1 1
my/redditclone/pkg/post/repo.go:124.16,126.3 1 1
my/redditclone/pkg/post/repo.go:130.89,132.16 2 1
my/redditclone/pkg/post/repo.go:135.2,138.16 3 1
my/redditclone/pkg/post/repo.go:141.2,141.18 1 1
my/redditclone/pkg/post/repo.go:132.16,134.3 1 1
my/redditclone/pkg/post/repo.go:138.16,140.3 1 1
my/redditclone/pkg/post/repo.go:144.99,146.16 2 1
my/redditclone/pkg/post/repo.go:149.2,152.16 3 1
my/redditclone/pkg/post/repo.go:155.2,155.18 1 1
my/redditclone/pkg/post/repo.go:146.16,148.3 1 1
my/redditclone/pkg/post/repo.go:152.16,154.3 1 1
my/redditclone/pkg/post/repo.go:158.100,160.16 2 1
my/redditclone/pkg/post/repo.go:163.2,164.16 2 1
my/redditclone/pkg/post/repo.go:167.2,168.16 2 1
my/redditclone/pkg/post/repo.go:171.2,171.18 1 1
my/redditclone/pkg/post/repo.go:160.16,162.3 1 1
my/redditclone/pkg/post/repo.go:164.16,166.3 1 1
my/redditclone/pkg/post/repo.go:168.16,170.3 1 1
my/redditclone/pkg/post/vote.go:8.45,16.2 4 1
my/redditclone/pkg/post/vote.go:18.38,19.31 1 1
my/redditclone/pkg/post/vote.go:19.31,20.23 1 1
my/redditclone/pkg/post/vote.go:20.23,22.24 2 1
my/redditclone/pkg/post/vote.go:27.4,28.9 2 1
my/redditclone/pkg/post/vote.go:22.24,24.5 1 1
my/redditclone/pkg/post/vote.go:24.10,26.5 1 1
