mode: set
my/redditclone/pkg/handlers/comment.go:22.73,29.16 6 1
my/redditclone/pkg/handlers/comment.go:33.2,35.16 3 1
my/redditclone/pkg/handlers/comment.go:39.2,40.16 2 1
my/redditclone/pkg/handlers/comment.go:44.2,45.16 2 1
my/redditclone/pkg/handlers/comment.go:49.2,51.16 3 1
my/redditclone/pkg/handlers/comment.go:55.2,55.62 1 1
my/redditclone/pkg/handlers/comment.go:29.16,32.3 2 0
my/redditclone/pkg/handlers/comment.go:35.16,38.3 2 1
my/redditclone/pkg/handlers/comment.go:40.16,43.3 2 1
my/redditclone/pkg/handlers/comment.go:45.16,48.3 2 0
my/redditclone/pkg/handlers/comment.go:51.16,54.3 2 0
my/redditclone/pkg/handlers/comment.go:57.73,63.16 5 1
my/redditclone/pkg/handlers/comment.go:67.2,68.16 2 1
my/redditclone/pkg/handlers/comment.go:72.2,74.16 3 1
my/redditclone/pkg/handlers/comment.go:78.2,78.62 1 1
my/redditclone/pkg/handlers/comment.go:63.16,66.3 2 1
my/redditclone/pkg/handlers/comment.go:68.16,71.3 2 0
my/redditclone/pkg/handlers/comment.go:74.16,77.3 2 0
my/redditclone/pkg/handlers/post.go:33.68,37.16 3 1
my/redditclone/pkg/handlers/post.go:41.2,42.16 2 1
my/redditclone/pkg/handlers/post.go:46.2,48.16 3 1
my/redditclone/pkg/handlers/post.go:52.2,52.57 1 1
my/redditclone/pkg/handlers/post.go:37.16,40.3 2 1
my/redditclone/pkg/handlers/post.go:42.16,45.3 2 0
my/redditclone/pkg/handlers/post.go:48.16,51.3 2 0
my/redditclone/pkg/handlers/post.go:55.70,60.16 4 1
my/redditclone/pkg/handlers/post.go:64.2,66.16 3 1
my/redditclone/pkg/handlers/post.go:70.2,72.16 3 1
my/redditclone/pkg/handlers/post.go:76.2,77.16 2 1
my/redditclone/pkg/handlers/post.go:81.2,83.16 3 1
my/redditclone/pkg/handlers/post.go:87.2,87.59 1 1
my/redditclone/pkg/handlers/post.go:60.16,63.3 2 0
my/redditclone/pkg/handlers/post.go:66.16,69.3 2 1
my/redditclone/pkg/handlers/post.go:72.16,75.3 2 1
my/redditclone/pkg/handlers/post.go:77.16,80.3 2 0
my/redditclone/pkg/handlers/post.go:83.16,86.3 2 0
my/redditclone/pkg/handlers/post.go:90.68,95.16 4 1
my/redditclone/pkg/handlers/post.go:99.2,100.16 2 1
my/redditclone/pkg/handlers/post.go:104.2,106.16 3 1
my/redditclone/pkg/handlers/post.go:110.2,110.57 1 1
my/redditclone/pkg/handlers/post.go:95.16,98.3 2 1
my/redditclone/pkg/handlers/post.go:100.16,103.3 2 0
my/redditclone/pkg/handlers/post.go:106.16,109.3 2 0
my/redditclone/pkg/handlers/post.go:113.70,119.16 5 1
my/redditclone/pkg/handlers/post.go:123.2,124.59 2 1
my/redditclone/pkg/handlers/post.go:119.16,122.3 2 1
my/redditclone/pkg/handlers/post.go:127.72,132.16 4 1
my/redditclone/pkg/handlers/post.go:136.2,137.16 2 1
my/redditclone/pkg/handlers/post.go:141.2,143.16 3 1
my/redditclone/pkg/handlers/post.go:147.2,147.61 1 1
my/redditclone/pkg/handlers/post.go:132.16,135.3 2 1
my/redditclone/pkg/handlers/post.go:137.16,140.3 2 0
my/redditclone/pkg/handlers/post.go:143.16,146.3 2 0
my/redditclone/pkg/handlers/post.go:150.68,155.16 4 1
my/redditclone/pkg/handlers/post.go:159.2,160.16 2 1
my/redditclone/pkg/handlers/post.go:164.2,166.16 3 1
my/redditclone/pkg/handlers/post.go:170.2,170.57 1 1
my/redditclone/pkg/handlers/post.go:155.16,158.3 2 1
my/redditclone/pkg/handlers/post.go:160.16,163.3 2 0
my/redditclone/pkg/handlers/post.go:166.16,169.3 2 0
my/redditclone/pkg/handlers/post.go:173.66,176.17 3 1
my/redditclone/pkg/handlers/post.go:180.2,181.16 2 1
my/redditclone/pkg/handlers/post.go:176.17,179.3 2 0
my/redditclone/pkg/handlers/post.go:181.16,183.3 1 0
my/redditclone/pkg/handlers/post_mock.go:26.63,30.2 3 1
my/redditclone/pkg/handlers/post_mock.go:33.61,35.2 1 1
my/redditclone/pkg/handlers/post_mock.go:38.94,44.2 5 1
my/redditclone/pkg/handlers/post_mock.go:47.105,50.2 2 1
my/redditclone/pkg/handlers/post_mock.go:53.78,58.2 4 1
my/redditclone/pkg/handlers/post_mock.go:61.92,64.2 2 1
my/redditclone/pkg/handlers/post_mock.go:67.69,73.2 5 1
my/redditclone/pkg/handlers/post_mock.go:76.78,79.2 2 1
my/redditclone/pkg/handlers/post_mock.go:82.63,87.2 4 1
my/redditclone/pkg/handlers/post_mock.go:90.88,93.2 2 1
my/redditclone/pkg/handlers/post_mock.go:96.95,102.2 5 1
my/redditclone/pkg/handlers/post_mock.go:105.106,108.2 2 1
my/redditclone/pkg/handlers/post_mock.go:111.84,117.2 5 0
my/redditclone/pkg/handlers/post_mock.go:120.88,123.2 2 0
my/redditclone/pkg/handlers/post_mock.go:126.56,132.2 5 1
my/redditclone/pkg/handlers/post_mock.go:135.60,138.2 2 1
my/redditclone/pkg/handlers/post_mock.go:141.65,147.2 5 1
my/redditclone/pkg/handlers/post_mock.go:150.76,153.2 2 1
my/redditclone/pkg/handlers/post_mock.go:156.77,162.2 5 1
my/redditclone/pkg/handlers/post_mock.go:165.88,168.2 2 1
my/redditclone/pkg/handlers/post_mock.go:171.65,177.2 5 1
my/redditclone/pkg/handlers/post_mock.go:180.74,183.2 2 1
my/redditclone/pkg/handlers/post_mock.go:186.85,192.2 5 1
my/redditclone/pkg/handlers/post_mock.go:195.92,198.2 2 1
my/redditclone/pkg/handlers/user.go:36.69,40.16 3 1
my/redditclone/pkg/handlers/user.go:44.2,44.58 1 1
my/redditclone/pkg/handlers/user.go:40.16,43.3 2 1
my/redditclone/pkg/handlers/user.go:46.69,51.16 4 1
my/redditclone/pkg/handlers/user.go:55.2,57.16 3 1
my/redditclone/pkg/handlers/user.go:61.2,62.16 2 1
my/redditclone/pkg/handlers/user.go:66.2,67.16 2 1
my/redditclone/pkg/handlers/user.go:71.2,73.16 3 1
my/redditclone/pkg/handlers/user.go:77.2,78.16 2 1
my/redditclone/pkg/handlers/user.go:82.2,82.58 1 1
my/redditclone/pkg/handlers/user.go:51.16,54.3 2 0
my/redditclone/pkg/handlers/user.go:57.16,60.3 2 1
my/redditclone/pkg/handlers/user.go:62.16,65.3 2 1
my/redditclone/pkg/handlers/user.go:67.16,70.3 2 1
my/redditclone/pkg/handlers/user.go:73.16,76.3 2 0
my/redditclone/pkg/handlers/user.go:78.16,81.3 2 0
my/redditclone/pkg/handlers/user.go:84.72,89.16 4 1
my/redditclone/pkg/handlers/user.go:93.2,95.16 3 1
my/redditclone/pkg/handlers/user.go:99.2,100.16 2 1
my/redditclone/pkg/handlers/user.go:104.2,105.16 2 1
my/redditclone/pkg/handlers/user.go:109.2,110.16 2 1
my/redditclone/pkg/handlers/user.go:114.2,116.16 3 1
my/redditclone/pkg/handlers/user.go:120.2,121.16 2 1
my/redditclone/pkg/handlers/user.go:125.2,125.61 1 1
my/redditclone/pkg/handlers/user.go:89.16,92.3 2 0
my/redditclone/pkg/handlers/user.go:95.16,98.3 2 1
my/redditclone/pkg/handlers/user.go:100.16,103.3 2 1
my/redditclone/pkg/handlers/user.go:105.16,108.3 2 1
my/redditclone/pkg/handlers/user.go:110.16,113.3 2 1
my/redditclone/pkg/handlers/user.go:116.16,119.3 2 0
my/redditclone/pkg/handlers/user.go:121.16,124.3 2 0
my/redditclone/pkg/handlers/user_mock.go:26.61,30.2 3 1
my/redditclone/pkg/handlers/user_mock.go:33.59,35.2 1 1
my/redditclone/pkg/handlers/user_mock.go:38.58,43.2 4 1
my/redditclone/pkg/handlers/user_mock.go:46.83,49.2 2 1
my/redditclone/pkg/handlers/user_mock.go:52.74,58.2 5 1
my/redditclone/pkg/handlers/user_mock.go:61.85,64.2 2 1
my/redditclone/pkg/handlers/user_mock.go:78.67,82.2 3 1
my/redditclone/pkg/handlers/user_mock.go:85.65,87.2 1 1
my/redditclone/pkg/handlers/user_mock.go:90.81,96.2 5 0
my/redditclone/pkg/handlers/user_mock.go:99.80,102.2 2 0
my/redditclone/pkg/handlers/user_mock.go:105.68,111.2 5 1
my/redditclone/pkg/handlers/user_mock.go:114.83,117.2 2 1
my/redditclone/pkg/handlers/vote.go:16.70,22.16 5 1
my/redditclone/pkg/handlers/vote.go:26.2,27.16 2 1
my/redditclone/pkg/handlers/vote.go:31.2,33.16 3 1
my/redditclone/pkg/handlers/vote.go:37.2,37.59 1 1
my/redditclone/pkg/handlers/vote.go:22.16,25.3 2 1
my/redditclone/pkg/handlers/vote.go:27.16,30.3 2 0
my/redditclone/pkg/handlers/vote.go:33.16,36.3 2 0
my/redditclone/pkg/handlers/vote.go:39.72,45.16 5 1
my/redditclone/pkg/handlers/vote.go:49.2,50.16 2 1
my/redditclone/pkg/handlers/vote.go:54.2,56.16 3 1
my/redditclone/pkg/handlers/vote.go:60.2,60.61 1 1
my/redditclone/pkg/handlers/vote.go:45.16,48.3 2 1
my/redditclone/pkg/handlers/vote.go:50.16,53.3 2 0
my/redditclone/pkg/handlers/vote.go:56.16,59.3 2 0
my/redditclone/pkg/handlers/vote.go:62.70,68.16 5 1
my/redditclone/pkg/handlers/vote.go:72.2,73.16 2 1
my/redditclone/pkg/handlers/vote.go:77.2,79.16 3 1
my/redditclone/pkg/handlers/vote.go:83.2,83.59 1 1
my/redditclone/pkg/handlers/vote.go:68.16,71.3 2 1
my/redditclone/pkg/handlers/vote.go:73.16,76.3 2 0
my/redditclone/pkg/handlers/vote.go:79.16,82.3 2 0
